Name                                                                  Stmts   Miss  Cover   Missing
---------------------------------------------------------------------------------------------------
/usr/local/lib/python3.10/site-packages/_distutils_hack/__init__.py      98     93     5%   2-89, 99-222
custom_list.py                                                           37      4    89%   26, 35-36, 40
test_custom_list.py                                                      42      0   100%
---------------------------------------------------------------------------------------------------
TOTAL                                                                   177     97    45%
